  CG最終課題_1964040大江悠月.cpp
C:\Users\Yuzuki Oe\Desktop\CG最終課題_1964040大江悠月\CG最終課題_1964040大江悠月\CG最終課題_1964040大江悠月.cpp(170,30): warning C4305: '引数': 'double' から 'GLfloat' へ切り詰めます。
C:\Users\Yuzuki Oe\Desktop\CG最終課題_1964040大江悠月\CG最終課題_1964040大江悠月\CG最終課題_1964040大江悠月.cpp(171,31): warning C4305: '引数': 'double' から 'GLfloat' へ切り詰めます。
C:\Users\Yuzuki Oe\Desktop\CG最終課題_1964040大江悠月\CG最終課題_1964040大江悠月\CG最終課題_1964040大江悠月.cpp(172,32): warning C4305: '引数': 'double' から 'GLfloat' へ切り詰めます。
C:\Users\Yuzuki Oe\Desktop\CG最終課題_1964040大江悠月\CG最終課題_1964040大江悠月\CG最終課題_1964040大江悠月.cpp(173,31): warning C4305: '引数': 'double' から 'GLfloat' へ切り詰めます。
C:\Users\Yuzuki Oe\Desktop\CG最終課題_1964040大江悠月\CG最終課題_1964040大江悠月\CG最終課題_1964040大江悠月.cpp(179,32): warning C4305: '引数': 'double' から 'GLfloat' へ切り詰めます。
C:\Users\Yuzuki Oe\Desktop\CG最終課題_1964040大江悠月\CG最終課題_1964040大江悠月\CG最終課題_1964040大江悠月.cpp(188,30): warning C4305: '引数': 'double' から 'GLfloat' へ切り詰めます。
C:\Users\Yuzuki Oe\Desktop\CG最終課題_1964040大江悠月\CG最終課題_1964040大江悠月\CG最終課題_1964040大江悠月.cpp(189,31): warning C4305: '引数': 'double' から 'GLfloat' へ切り詰めます。
C:\Users\Yuzuki Oe\Desktop\CG最終課題_1964040大江悠月\CG最終課題_1964040大江悠月\CG最終課題_1964040大江悠月.cpp(190,32): warning C4305: '引数': 'double' から 'GLfloat' へ切り詰めます。
C:\Users\Yuzuki Oe\Desktop\CG最終課題_1964040大江悠月\CG最終課題_1964040大江悠月\CG最終課題_1964040大江悠月.cpp(191,31): warning C4305: '引数': 'double' から 'GLfloat' へ切り詰めます。
C:\Users\Yuzuki Oe\Desktop\CG最終課題_1964040大江悠月\CG最終課題_1964040大江悠月\CG最終課題_1964040大江悠月.cpp(197,29): warning C4305: '引数': 'double' から 'GLfloat' へ切り詰めます。
C:\Users\Yuzuki Oe\Desktop\CG最終課題_1964040大江悠月\CG最終課題_1964040大江悠月\CG最終課題_1964040大江悠月.cpp(206,30): warning C4305: '引数': 'double' から 'GLfloat' へ切り詰めます。
C:\Users\Yuzuki Oe\Desktop\CG最終課題_1964040大江悠月\CG最終課題_1964040大江悠月\CG最終課題_1964040大江悠月.cpp(207,31): warning C4305: '引数': 'double' から 'GLfloat' へ切り詰めます。
C:\Users\Yuzuki Oe\Desktop\CG最終課題_1964040大江悠月\CG最終課題_1964040大江悠月\CG最終課題_1964040大江悠月.cpp(208,32): warning C4305: '引数': 'double' から 'GLfloat' へ切り詰めます。
C:\Users\Yuzuki Oe\Desktop\CG最終課題_1964040大江悠月\CG最終課題_1964040大江悠月\CG最終課題_1964040大江悠月.cpp(209,31): warning C4305: '引数': 'double' から 'GLfloat' へ切り詰めます。
C:\Users\Yuzuki Oe\Desktop\CG最終課題_1964040大江悠月\CG最終課題_1964040大江悠月\CG最終課題_1964040大江悠月.cpp(233,29): warning C4305: '引数': 'double' から 'GLfloat' へ切り詰めます。
C:\Users\Yuzuki Oe\Desktop\CG最終課題_1964040大江悠月\CG最終課題_1964040大江悠月\CG最終課題_1964040大江悠月.cpp(251,28): warning C4305: '引数': 'double' から 'GLfloat' へ切り詰めます。
C:\Users\Yuzuki Oe\Desktop\CG最終課題_1964040大江悠月\CG最終課題_1964040大江悠月\CG最終課題_1964040大江悠月.cpp(260,27): warning C4305: '引数': 'double' から 'GLfloat' へ切り詰めます。
C:\Users\Yuzuki Oe\Desktop\CG最終課題_1964040大江悠月\CG最終課題_1964040大江悠月\CG最終課題_1964040大江悠月.cpp(269,28): warning C4305: '引数': 'double' から 'GLfloat' へ切り詰めます。
C:\Users\Yuzuki Oe\Desktop\CG最終課題_1964040大江悠月\CG最終課題_1964040大江悠月\CG最終課題_1964040大江悠月.cpp(278,28): warning C4305: '引数': 'double' から 'GLfloat' へ切り詰めます。
C:\Users\Yuzuki Oe\Desktop\CG最終課題_1964040大江悠月\CG最終課題_1964040大江悠月\CG最終課題_1964040大江悠月.cpp(296,28): warning C4305: '引数': 'double' から 'GLfloat' へ切り詰めます。
C:\Users\Yuzuki Oe\Desktop\CG最終課題_1964040大江悠月\CG最終課題_1964040大江悠月\CG最終課題_1964040大江悠月.cpp(305,28): warning C4305: '引数': 'double' から 'GLfloat' へ切り詰めます。
C:\Users\Yuzuki Oe\Desktop\CG最終課題_1964040大江悠月\CG最終課題_1964040大江悠月\CG最終課題_1964040大江悠月.cpp(317,29): warning C4305: '引数': 'double' から 'GLfloat' へ切り詰めます。
C:\Users\Yuzuki Oe\Desktop\CG最終課題_1964040大江悠月\CG最終課題_1964040大江悠月\CG最終課題_1964040大江悠月.cpp(321,29): warning C4305: '引数': 'double' から 'GLfloat' へ切り詰めます。
C:\Users\Yuzuki Oe\Desktop\CG最終課題_1964040大江悠月\CG最終課題_1964040大江悠月\CG最終課題_1964040大江悠月.cpp(339,28): warning C4305: '引数': 'double' から 'GLfloat' へ切り詰めます。
C:\Users\Yuzuki Oe\Desktop\CG最終課題_1964040大江悠月\CG最終課題_1964040大江悠月\CG最終課題_1964040大江悠月.cpp(348,27): warning C4305: '引数': 'double' から 'GLfloat' へ切り詰めます。
C:\Users\Yuzuki Oe\Desktop\CG最終課題_1964040大江悠月\CG最終課題_1964040大江悠月\CG最終課題_1964040大江悠月.cpp(357,28): warning C4305: '引数': 'double' から 'GLfloat' へ切り詰めます。
C:\Users\Yuzuki Oe\Desktop\CG最終課題_1964040大江悠月\CG最終課題_1964040大江悠月\CG最終課題_1964040大江悠月.cpp(366,28): warning C4305: '引数': 'double' から 'GLfloat' へ切り詰めます。
C:\Users\Yuzuki Oe\Desktop\CG最終課題_1964040大江悠月\CG最終課題_1964040大江悠月\CG最終課題_1964040大江悠月.cpp(384,28): warning C4305: '引数': 'double' から 'GLfloat' へ切り詰めます。
C:\Users\Yuzuki Oe\Desktop\CG最終課題_1964040大江悠月\CG最終課題_1964040大江悠月\CG最終課題_1964040大江悠月.cpp(393,28): warning C4305: '引数': 'double' から 'GLfloat' へ切り詰めます。
C:\Users\Yuzuki Oe\Desktop\CG最終課題_1964040大江悠月\CG最終課題_1964040大江悠月\CG最終課題_1964040大江悠月.cpp(408,29): warning C4305: '引数': 'double' から 'GLfloat' へ切り詰めます。
C:\Users\Yuzuki Oe\Desktop\CG最終課題_1964040大江悠月\CG最終課題_1964040大江悠月\CG最終課題_1964040大江悠月.cpp(416,31): warning C4305: '引数': 'double' から 'GLfloat' へ切り詰めます。
C:\Users\Yuzuki Oe\Desktop\CG最終課題_1964040大江悠月\CG最終課題_1964040大江悠月\CG最終課題_1964040大江悠月.cpp(424,29): warning C4305: '引数': 'double' から 'GLfloat' へ切り詰めます。
C:\Users\Yuzuki Oe\Desktop\CG最終課題_1964040大江悠月\CG最終課題_1964040大江悠月\CG最終課題_1964040大江悠月.cpp(432,33): warning C4305: '引数': 'double' から 'GLfloat' へ切り詰めます。
C:\Users\Yuzuki Oe\Desktop\CG最終課題_1964040大江悠月\CG最終課題_1964040大江悠月\CG最終課題_1964040大江悠月.cpp(440,32): warning C4305: '引数': 'double' から 'GLfloat' へ切り詰めます。
C:\Users\Yuzuki Oe\Desktop\CG最終課題_1964040大江悠月\CG最終課題_1964040大江悠月\CG最終課題_1964040大江悠月.cpp(448,31): warning C4305: '引数': 'double' から 'GLfloat' へ切り詰めます。
C:\Users\Yuzuki Oe\Desktop\CG最終課題_1964040大江悠月\CG最終課題_1964040大江悠月\CG最終課題_1964040大江悠月.cpp(467,34): warning C4305: '引数': 'double' から 'GLfloat' へ切り詰めます。
C:\Users\Yuzuki Oe\Desktop\CG最終課題_1964040大江悠月\CG最終課題_1964040大江悠月\CG最終課題_1964040大江悠月.cpp(475,34): warning C4305: '引数': 'double' から 'GLfloat' へ切り詰めます。
C:\Users\Yuzuki Oe\Desktop\CG最終課題_1964040大江悠月\CG最終課題_1964040大江悠月\CG最終課題_1964040大江悠月.cpp(486,32): warning C4305: '引数': 'double' から 'GLfloat' へ切り詰めます。
C:\Users\Yuzuki Oe\Desktop\CG最終課題_1964040大江悠月\CG最終課題_1964040大江悠月\CG最終課題_1964040大江悠月.cpp(501,32): warning C4305: '引数': 'double' から 'GLfloat' へ切り詰めます。
C:\Users\Yuzuki Oe\Desktop\CG最終課題_1964040大江悠月\CG最終課題_1964040大江悠月\CG最終課題_1964040大江悠月.cpp(510,32): warning C4305: '引数': 'double' から 'GLfloat' へ切り詰めます。
C:\Users\Yuzuki Oe\Desktop\CG最終課題_1964040大江悠月\CG最終課題_1964040大江悠月\CG最終課題_1964040大江悠月.cpp(521,34): warning C4305: '引数': 'double' から 'GLfloat' へ切り詰めます。
C:\Users\Yuzuki Oe\Desktop\CG最終課題_1964040大江悠月\CG最終課題_1964040大江悠月\CG最終課題_1964040大江悠月.cpp(524,32): warning C4305: '引数': 'double' から 'GLfloat' へ切り詰めます。
C:\Users\Yuzuki Oe\Desktop\CG最終課題_1964040大江悠月\CG最終課題_1964040大江悠月\CG最終課題_1964040大江悠月.cpp(533,32): warning C4305: '引数': 'double' から 'GLfloat' へ切り詰めます。
C:\Users\Yuzuki Oe\Desktop\CG最終課題_1964040大江悠月\CG最終課題_1964040大江悠月\CG最終課題_1964040大江悠月.cpp(544,37): warning C4305: '引数': 'double' から 'GLfloat' へ切り詰めます。
C:\Users\Yuzuki Oe\Desktop\CG最終課題_1964040大江悠月\CG最終課題_1964040大江悠月\CG最終課題_1964040大江悠月.cpp(548,32): warning C4305: '引数': 'double' から 'GLfloat' へ切り詰めます。
C:\Users\Yuzuki Oe\Desktop\CG最終課題_1964040大江悠月\CG最終課題_1964040大江悠月\CG最終課題_1964040大江悠月.cpp(557,33): warning C4305: '引数': 'double' から 'GLfloat' へ切り詰めます。
C:\Users\Yuzuki Oe\Desktop\CG最終課題_1964040大江悠月\CG最終課題_1964040大江悠月\CG最終課題_1964040大江悠月.cpp(569,33): warning C4305: '引数': 'double' から 'GLfloat' へ切り詰めます。
C:\Users\Yuzuki Oe\Desktop\CG最終課題_1964040大江悠月\CG最終課題_1964040大江悠月\CG最終課題_1964040大江悠月.cpp(579,30): warning C4305: '引数': 'double' から 'GLfloat' へ切り詰めます。
C:\Users\Yuzuki Oe\Desktop\CG最終課題_1964040大江悠月\CG最終課題_1964040大江悠月\CG最終課題_1964040大江悠月.cpp(580,28): warning C4305: '引数': 'double' から 'GLfloat' へ切り詰めます。
C:\Users\Yuzuki Oe\Desktop\CG最終課題_1964040大江悠月\CG最終課題_1964040大江悠月\CG最終課題_1964040大江悠月.cpp(581,28): warning C4305: '引数': 'double' から 'GLfloat' へ切り詰めます。
C:\Users\Yuzuki Oe\Desktop\CG最終課題_1964040大江悠月\CG最終課題_1964040大江悠月\CG最終課題_1964040大江悠月.cpp(582,29): warning C4305: '引数': 'double' から 'GLfloat' へ切り詰めます。
C:\Users\Yuzuki Oe\Desktop\CG最終課題_1964040大江悠月\CG最終課題_1964040大江悠月\CG最終課題_1964040大江悠月.cpp(583,31): warning C4305: '引数': 'double' から 'GLfloat' へ切り詰めます。
C:\Users\Yuzuki Oe\Desktop\CG最終課題_1964040大江悠月\CG最終課題_1964040大江悠月\CG最終課題_1964040大江悠月.cpp(590,29): warning C4244: '引数': 'double' から 'GLfloat' への変換です。データが失われる可能性があります。
C:\Users\Yuzuki Oe\Desktop\CG最終課題_1964040大江悠月\CG最終課題_1964040大江悠月\CG最終課題_1964040大江悠月.cpp(599,29): warning C4244: '引数': 'double' から 'GLfloat' への変換です。データが失われる可能性があります。
C:\Users\Yuzuki Oe\Desktop\CG最終課題_1964040大江悠月\CG最終課題_1964040大江悠月\CG最終課題_1964040大江悠月.cpp(622,45): warning C4305: '引数': 'double' から 'GLfloat' へ切り詰めます。
C:\Users\Yuzuki Oe\Desktop\CG最終課題_1964040大江悠月\CG最終課題_1964040大江悠月\CG最終課題_1964040大江悠月.cpp(622,32): warning C4244: '引数': 'double' から 'GLfloat' への変換です。データが失われる可能性があります。
C:\Users\Yuzuki Oe\Desktop\CG最終課題_1964040大江悠月\CG最終課題_1964040大江悠月\CG最終課題_1964040大江悠月.cpp(631,46): warning C4305: '引数': 'double' から 'GLfloat' へ切り詰めます。
C:\Users\Yuzuki Oe\Desktop\CG最終課題_1964040大江悠月\CG最終課題_1964040大江悠月\CG最終課題_1964040大江悠月.cpp(631,32): warning C4244: '引数': 'double' から 'GLfloat' への変換です。データが失われる可能性があります。
C:\Users\Yuzuki Oe\Desktop\CG最終課題_1964040大江悠月\CG最終課題_1964040大江悠月\CG最終課題_1964040大江悠月.cpp(643,38): warning C4305: '引数': 'double' から 'GLfloat' へ切り詰めます。
C:\Users\Yuzuki Oe\Desktop\CG最終課題_1964040大江悠月\CG最終課題_1964040大江悠月\CG最終課題_1964040大江悠月.cpp(661,19): warning C4244: '=': 'double' から 'float' への変換です。データが失われる可能性があります。
C:\Users\Yuzuki Oe\Desktop\CG最終課題_1964040大江悠月\CG最終課題_1964040大江悠月\CG最終課題_1964040大江悠月.cpp(673,19): warning C4244: '=': 'double' から 'float' への変換です。データが失われる可能性があります。
C:\Users\Yuzuki Oe\Desktop\CG最終課題_1964040大江悠月\CG最終課題_1964040大江悠月\CG最終課題_1964040大江悠月.cpp(684,19): warning C4244: '=': 'double' から 'float' への変換です。データが失われる可能性があります。
C:\Users\Yuzuki Oe\Desktop\CG最終課題_1964040大江悠月\CG最終課題_1964040大江悠月\CG最終課題_1964040大江悠月.cpp(694,19): warning C4244: '=': 'double' から 'float' への変換です。データが失われる可能性があります。
C:\Users\Yuzuki Oe\Desktop\CG最終課題_1964040大江悠月\CG最終課題_1964040大江悠月\CG最終課題_1964040大江悠月.cpp(705,21): warning C4244: '=': 'double' から 'float' への変換です。データが失われる可能性があります。
C:\Users\Yuzuki Oe\Desktop\CG最終課題_1964040大江悠月\CG最終課題_1964040大江悠月\CG最終課題_1964040大江悠月.cpp(715,21): warning C4244: '=': 'double' から 'float' への変換です。データが失われる可能性があります。
C:\Users\Yuzuki Oe\Desktop\CG最終課題_1964040大江悠月\CG最終課題_1964040大江悠月\CG最終課題_1964040大江悠月.cpp(726,19): warning C4244: '=': 'double' から 'float' への変換です。データが失われる可能性があります。
C:\Users\Yuzuki Oe\Desktop\CG最終課題_1964040大江悠月\CG最終課題_1964040大江悠月\CG最終課題_1964040大江悠月.cpp(736,19): warning C4244: '=': 'double' から 'float' への変換です。データが失われる可能性があります。
C:\Users\Yuzuki Oe\Desktop\CG最終課題_1964040大江悠月\CG最終課題_1964040大江悠月\CG最終課題_1964040大江悠月.cpp(737,21): warning C4244: '=': 'double' から 'float' への変換です。データが失われる可能性があります。
C:\Users\Yuzuki Oe\Desktop\CG最終課題_1964040大江悠月\CG最終課題_1964040大江悠月\CG最終課題_1964040大江悠月.cpp(741,21): warning C4244: '=': 'double' から 'float' への変換です。データが失われる可能性があります。
C:\Users\Yuzuki Oe\Desktop\CG最終課題_1964040大江悠月\CG最終課題_1964040大江悠月\CG最終課題_1964040大江悠月.cpp(751,21): warning C4244: '=': 'double' から 'float' への変換です。データが失われる可能性があります。
C:\Users\Yuzuki Oe\Desktop\CG最終課題_1964040大江悠月\CG最終課題_1964040大江悠月\CG最終課題_1964040大江悠月.cpp(752,21): warning C4244: '=': 'double' から 'float' への変換です。データが失われる可能性があります。
C:\Users\Yuzuki Oe\Desktop\CG最終課題_1964040大江悠月\CG最終課題_1964040大江悠月\CG最終課題_1964040大江悠月.cpp(756,21): warning C4244: '=': 'double' から 'float' への変換です。データが失われる可能性があります。
C:\Users\Yuzuki Oe\Desktop\CG最終課題_1964040大江悠月\CG最終課題_1964040大江悠月\CG最終課題_1964040大江悠月.cpp(766,21): warning C4244: '=': 'double' から 'float' への変換です。データが失われる可能性があります。
C:\Users\Yuzuki Oe\Desktop\CG最終課題_1964040大江悠月\CG最終課題_1964040大江悠月\CG最終課題_1964040大江悠月.cpp(776,19): warning C4244: '=': 'double' から 'float' への変換です。データが失われる可能性があります。
C:\Users\Yuzuki Oe\Desktop\CG最終課題_1964040大江悠月\CG最終課題_1964040大江悠月\CG最終課題_1964040大江悠月.cpp(786,21): warning C4244: '=': 'double' から 'float' への変換です。データが失われる可能性があります。
C:\Users\Yuzuki Oe\Desktop\CG最終課題_1964040大江悠月\CG最終課題_1964040大江悠月\CG最終課題_1964040大江悠月.cpp(796,21): warning C4244: '=': 'double' から 'float' への変換です。データが失われる可能性があります。
C:\Users\Yuzuki Oe\Desktop\CG最終課題_1964040大江悠月\CG最終課題_1964040大江悠月\CG最終課題_1964040大江悠月.cpp(806,21): warning C4244: '=': 'double' から 'float' への変換です。データが失われる可能性があります。
C:\Users\Yuzuki Oe\Desktop\CG最終課題_1964040大江悠月\CG最終課題_1964040大江悠月\CG最終課題_1964040大江悠月.cpp(826,27): warning C4244: '=': 'double' から 'float' への変換です。データが失われる可能性があります。
C:\Users\Yuzuki Oe\Desktop\CG最終課題_1964040大江悠月\CG最終課題_1964040大江悠月\CG最終課題_1964040大江悠月.cpp(836,31): warning C4244: '=': 'double' から 'float' への変換です。データが失われる可能性があります。
C:\Users\Yuzuki Oe\Desktop\CG最終課題_1964040大江悠月\CG最終課題_1964040大江悠月\CG最終課題_1964040大江悠月.cpp(837,33): warning C4244: '=': 'double' から 'float' への変換です。データが失われる可能性があります。
C:\Users\Yuzuki Oe\Desktop\CG最終課題_1964040大江悠月\CG最終課題_1964040大江悠月\CG最終課題_1964040大江悠月.cpp(840,31): warning C4244: '=': 'double' から 'float' への変換です。データが失われる可能性があります。
C:\Users\Yuzuki Oe\Desktop\CG最終課題_1964040大江悠月\CG最終課題_1964040大江悠月\CG最終課題_1964040大江悠月.cpp(860,27): warning C4244: '=': 'double' から 'float' への変換です。データが失われる可能性があります。
C:\Users\Yuzuki Oe\Desktop\CG最終課題_1964040大江悠月\CG最終課題_1964040大江悠月\CG最終課題_1964040大江悠月.cpp(863,27): warning C4244: '=': 'double' から 'float' への変換です。データが失われる可能性があります。
C:\Users\Yuzuki Oe\Desktop\CG最終課題_1964040大江悠月\CG最終課題_1964040大江悠月\CG最終課題_1964040大江悠月.cpp(864,29): warning C4244: '=': 'double' から 'float' への変換です。データが失われる可能性があります。
C:\Users\Yuzuki Oe\Desktop\CG最終課題_1964040大江悠月\CG最終課題_1964040大江悠月\CG最終課題_1964040大江悠月.cpp(867,29): warning C4244: '=': 'double' から 'float' への変換です。データが失われる可能性があります。
C:\Users\Yuzuki Oe\Desktop\CG最終課題_1964040大江悠月\CG最終課題_1964040大江悠月\CG最終課題_1964040大江悠月.cpp(896,31): warning C4244: '=': 'double' から 'float' への変換です。データが失われる可能性があります。
C:\Users\Yuzuki Oe\Desktop\CG最終課題_1964040大江悠月\CG最終課題_1964040大江悠月\CG最終課題_1964040大江悠月.cpp(897,33): warning C4244: '=': 'double' から 'float' への変換です。データが失われる可能性があります。
C:\Users\Yuzuki Oe\Desktop\CG最終課題_1964040大江悠月\CG最終課題_1964040大江悠月\CG最終課題_1964040大江悠月.cpp(900,31): warning C4244: '=': 'double' から 'float' への変換です。データが失われる可能性があります。
C:\Users\Yuzuki Oe\Desktop\CG最終課題_1964040大江悠月\CG最終課題_1964040大江悠月\CG最終課題_1964040大江悠月.cpp(920,27): warning C4244: '=': 'double' から 'float' への変換です。データが失われる可能性があります。
C:\Users\Yuzuki Oe\Desktop\CG最終課題_1964040大江悠月\CG最終課題_1964040大江悠月\CG最終課題_1964040大江悠月.cpp(923,27): warning C4244: '=': 'double' から 'float' への変換です。データが失われる可能性があります。
C:\Users\Yuzuki Oe\Desktop\CG最終課題_1964040大江悠月\CG最終課題_1964040大江悠月\CG最終課題_1964040大江悠月.cpp(924,29): warning C4244: '=': 'double' から 'float' への変換です。データが失われる可能性があります。
C:\Users\Yuzuki Oe\Desktop\CG最終課題_1964040大江悠月\CG最終課題_1964040大江悠月\CG最終課題_1964040大江悠月.cpp(927,29): warning C4244: '=': 'double' から 'float' への変換です。データが失われる可能性があります。
C:\Users\Yuzuki Oe\Desktop\CG最終課題_1964040大江悠月\CG最終課題_1964040大江悠月\CG最終課題_1964040大江悠月.cpp(956,31): warning C4244: '=': 'double' から 'float' への変換です。データが失われる可能性があります。
C:\Users\Yuzuki Oe\Desktop\CG最終課題_1964040大江悠月\CG最終課題_1964040大江悠月\CG最終課題_1964040大江悠月.cpp(957,33): warning C4244: '=': 'double' から 'float' への変換です。データが失われる可能性があります。
C:\Users\Yuzuki Oe\Desktop\CG最終課題_1964040大江悠月\CG最終課題_1964040大江悠月\CG最終課題_1964040大江悠月.cpp(960,31): warning C4244: '=': 'double' から 'float' への変換です。データが失われる可能性があります。
C:\Users\Yuzuki Oe\Desktop\CG最終課題_1964040大江悠月\CG最終課題_1964040大江悠月\CG最終課題_1964040大江悠月.cpp(970,27): warning C4244: '=': 'double' から 'float' への変換です。データが失われる可能性があります。
  CG最終課題_1964040大江悠月.vcxproj -> C:\Users\Yuzuki Oe\Desktop\CG最終課題_1964040大江悠月\Debug\CG最終課題_1964040大江悠月.exe
