  animation.cpp
C:\Users\Yuzuki Oe\Desktop\Animation\animation\animation.cpp(170,30): warning C4305: '引数': 'double' から 'GLfloat' へ切り詰めます。
C:\Users\Yuzuki Oe\Desktop\Animation\animation\animation.cpp(171,31): warning C4305: '引数': 'double' から 'GLfloat' へ切り詰めます。
C:\Users\Yuzuki Oe\Desktop\Animation\animation\animation.cpp(172,32): warning C4305: '引数': 'double' から 'GLfloat' へ切り詰めます。
C:\Users\Yuzuki Oe\Desktop\Animation\animation\animation.cpp(173,31): warning C4305: '引数': 'double' から 'GLfloat' へ切り詰めます。
C:\Users\Yuzuki Oe\Desktop\Animation\animation\animation.cpp(179,32): warning C4305: '引数': 'double' から 'GLfloat' へ切り詰めます。
C:\Users\Yuzuki Oe\Desktop\Animation\animation\animation.cpp(188,30): warning C4305: '引数': 'double' から 'GLfloat' へ切り詰めます。
C:\Users\Yuzuki Oe\Desktop\Animation\animation\animation.cpp(189,31): warning C4305: '引数': 'double' から 'GLfloat' へ切り詰めます。
C:\Users\Yuzuki Oe\Desktop\Animation\animation\animation.cpp(190,32): warning C4305: '引数': 'double' から 'GLfloat' へ切り詰めます。
C:\Users\Yuzuki Oe\Desktop\Animation\animation\animation.cpp(191,31): warning C4305: '引数': 'double' から 'GLfloat' へ切り詰めます。
C:\Users\Yuzuki Oe\Desktop\Animation\animation\animation.cpp(197,29): warning C4305: '引数': 'double' から 'GLfloat' へ切り詰めます。
C:\Users\Yuzuki Oe\Desktop\Animation\animation\animation.cpp(206,30): warning C4305: '引数': 'double' から 'GLfloat' へ切り詰めます。
C:\Users\Yuzuki Oe\Desktop\Animation\animation\animation.cpp(207,31): warning C4305: '引数': 'double' から 'GLfloat' へ切り詰めます。
C:\Users\Yuzuki Oe\Desktop\Animation\animation\animation.cpp(208,32): warning C4305: '引数': 'double' から 'GLfloat' へ切り詰めます。
C:\Users\Yuzuki Oe\Desktop\Animation\animation\animation.cpp(209,31): warning C4305: '引数': 'double' から 'GLfloat' へ切り詰めます。
C:\Users\Yuzuki Oe\Desktop\Animation\animation\animation.cpp(233,29): warning C4305: '引数': 'double' から 'GLfloat' へ切り詰めます。
C:\Users\Yuzuki Oe\Desktop\Animation\animation\animation.cpp(251,28): warning C4305: '引数': 'double' から 'GLfloat' へ切り詰めます。
C:\Users\Yuzuki Oe\Desktop\Animation\animation\animation.cpp(260,27): warning C4305: '引数': 'double' から 'GLfloat' へ切り詰めます。
C:\Users\Yuzuki Oe\Desktop\Animation\animation\animation.cpp(269,28): warning C4305: '引数': 'double' から 'GLfloat' へ切り詰めます。
C:\Users\Yuzuki Oe\Desktop\Animation\animation\animation.cpp(278,28): warning C4305: '引数': 'double' から 'GLfloat' へ切り詰めます。
C:\Users\Yuzuki Oe\Desktop\Animation\animation\animation.cpp(296,28): warning C4305: '引数': 'double' から 'GLfloat' へ切り詰めます。
C:\Users\Yuzuki Oe\Desktop\Animation\animation\animation.cpp(305,28): warning C4305: '引数': 'double' から 'GLfloat' へ切り詰めます。
C:\Users\Yuzuki Oe\Desktop\Animation\animation\animation.cpp(317,29): warning C4305: '引数': 'double' から 'GLfloat' へ切り詰めます。
C:\Users\Yuzuki Oe\Desktop\Animation\animation\animation.cpp(321,29): warning C4305: '引数': 'double' から 'GLfloat' へ切り詰めます。
C:\Users\Yuzuki Oe\Desktop\Animation\animation\animation.cpp(339,28): warning C4305: '引数': 'double' から 'GLfloat' へ切り詰めます。
C:\Users\Yuzuki Oe\Desktop\Animation\animation\animation.cpp(348,27): warning C4305: '引数': 'double' から 'GLfloat' へ切り詰めます。
C:\Users\Yuzuki Oe\Desktop\Animation\animation\animation.cpp(357,28): warning C4305: '引数': 'double' から 'GLfloat' へ切り詰めます。
C:\Users\Yuzuki Oe\Desktop\Animation\animation\animation.cpp(366,28): warning C4305: '引数': 'double' から 'GLfloat' へ切り詰めます。
C:\Users\Yuzuki Oe\Desktop\Animation\animation\animation.cpp(384,28): warning C4305: '引数': 'double' から 'GLfloat' へ切り詰めます。
C:\Users\Yuzuki Oe\Desktop\Animation\animation\animation.cpp(393,28): warning C4305: '引数': 'double' から 'GLfloat' へ切り詰めます。
C:\Users\Yuzuki Oe\Desktop\Animation\animation\animation.cpp(408,29): warning C4305: '引数': 'double' から 'GLfloat' へ切り詰めます。
C:\Users\Yuzuki Oe\Desktop\Animation\animation\animation.cpp(416,31): warning C4305: '引数': 'double' から 'GLfloat' へ切り詰めます。
C:\Users\Yuzuki Oe\Desktop\Animation\animation\animation.cpp(424,29): warning C4305: '引数': 'double' から 'GLfloat' へ切り詰めます。
C:\Users\Yuzuki Oe\Desktop\Animation\animation\animation.cpp(432,33): warning C4305: '引数': 'double' から 'GLfloat' へ切り詰めます。
C:\Users\Yuzuki Oe\Desktop\Animation\animation\animation.cpp(440,32): warning C4305: '引数': 'double' から 'GLfloat' へ切り詰めます。
C:\Users\Yuzuki Oe\Desktop\Animation\animation\animation.cpp(448,31): warning C4305: '引数': 'double' から 'GLfloat' へ切り詰めます。
C:\Users\Yuzuki Oe\Desktop\Animation\animation\animation.cpp(467,34): warning C4305: '引数': 'double' から 'GLfloat' へ切り詰めます。
C:\Users\Yuzuki Oe\Desktop\Animation\animation\animation.cpp(475,34): warning C4305: '引数': 'double' から 'GLfloat' へ切り詰めます。
C:\Users\Yuzuki Oe\Desktop\Animation\animation\animation.cpp(486,32): warning C4305: '引数': 'double' から 'GLfloat' へ切り詰めます。
C:\Users\Yuzuki Oe\Desktop\Animation\animation\animation.cpp(501,32): warning C4305: '引数': 'double' から 'GLfloat' へ切り詰めます。
C:\Users\Yuzuki Oe\Desktop\Animation\animation\animation.cpp(510,32): warning C4305: '引数': 'double' から 'GLfloat' へ切り詰めます。
C:\Users\Yuzuki Oe\Desktop\Animation\animation\animation.cpp(521,34): warning C4305: '引数': 'double' から 'GLfloat' へ切り詰めます。
C:\Users\Yuzuki Oe\Desktop\Animation\animation\animation.cpp(524,32): warning C4305: '引数': 'double' から 'GLfloat' へ切り詰めます。
C:\Users\Yuzuki Oe\Desktop\Animation\animation\animation.cpp(533,32): warning C4305: '引数': 'double' から 'GLfloat' へ切り詰めます。
C:\Users\Yuzuki Oe\Desktop\Animation\animation\animation.cpp(544,37): warning C4305: '引数': 'double' から 'GLfloat' へ切り詰めます。
C:\Users\Yuzuki Oe\Desktop\Animation\animation\animation.cpp(548,32): warning C4305: '引数': 'double' から 'GLfloat' へ切り詰めます。
C:\Users\Yuzuki Oe\Desktop\Animation\animation\animation.cpp(557,33): warning C4305: '引数': 'double' から 'GLfloat' へ切り詰めます。
C:\Users\Yuzuki Oe\Desktop\Animation\animation\animation.cpp(569,33): warning C4305: '引数': 'double' から 'GLfloat' へ切り詰めます。
C:\Users\Yuzuki Oe\Desktop\Animation\animation\animation.cpp(579,30): warning C4305: '引数': 'double' から 'GLfloat' へ切り詰めます。
C:\Users\Yuzuki Oe\Desktop\Animation\animation\animation.cpp(580,28): warning C4305: '引数': 'double' から 'GLfloat' へ切り詰めます。
C:\Users\Yuzuki Oe\Desktop\Animation\animation\animation.cpp(581,28): warning C4305: '引数': 'double' から 'GLfloat' へ切り詰めます。
C:\Users\Yuzuki Oe\Desktop\Animation\animation\animation.cpp(582,29): warning C4305: '引数': 'double' から 'GLfloat' へ切り詰めます。
C:\Users\Yuzuki Oe\Desktop\Animation\animation\animation.cpp(583,31): warning C4305: '引数': 'double' から 'GLfloat' へ切り詰めます。
C:\Users\Yuzuki Oe\Desktop\Animation\animation\animation.cpp(590,29): warning C4244: '引数': 'double' から 'GLfloat' への変換です。データが失われる可能性があります。
C:\Users\Yuzuki Oe\Desktop\Animation\animation\animation.cpp(599,29): warning C4244: '引数': 'double' から 'GLfloat' への変換です。データが失われる可能性があります。
C:\Users\Yuzuki Oe\Desktop\Animation\animation\animation.cpp(622,45): warning C4305: '引数': 'double' から 'GLfloat' へ切り詰めます。
C:\Users\Yuzuki Oe\Desktop\Animation\animation\animation.cpp(622,32): warning C4244: '引数': 'double' から 'GLfloat' への変換です。データが失われる可能性があります。
C:\Users\Yuzuki Oe\Desktop\Animation\animation\animation.cpp(631,46): warning C4305: '引数': 'double' から 'GLfloat' へ切り詰めます。
C:\Users\Yuzuki Oe\Desktop\Animation\animation\animation.cpp(631,32): warning C4244: '引数': 'double' から 'GLfloat' への変換です。データが失われる可能性があります。
C:\Users\Yuzuki Oe\Desktop\Animation\animation\animation.cpp(643,38): warning C4305: '引数': 'double' から 'GLfloat' へ切り詰めます。
C:\Users\Yuzuki Oe\Desktop\Animation\animation\animation.cpp(661,19): warning C4244: '=': 'double' から 'float' への変換です。データが失われる可能性があります。
C:\Users\Yuzuki Oe\Desktop\Animation\animation\animation.cpp(673,19): warning C4244: '=': 'double' から 'float' への変換です。データが失われる可能性があります。
C:\Users\Yuzuki Oe\Desktop\Animation\animation\animation.cpp(684,19): warning C4244: '=': 'double' から 'float' への変換です。データが失われる可能性があります。
C:\Users\Yuzuki Oe\Desktop\Animation\animation\animation.cpp(694,19): warning C4244: '=': 'double' から 'float' への変換です。データが失われる可能性があります。
C:\Users\Yuzuki Oe\Desktop\Animation\animation\animation.cpp(705,21): warning C4244: '=': 'double' から 'float' への変換です。データが失われる可能性があります。
C:\Users\Yuzuki Oe\Desktop\Animation\animation\animation.cpp(715,21): warning C4244: '=': 'double' から 'float' への変換です。データが失われる可能性があります。
C:\Users\Yuzuki Oe\Desktop\Animation\animation\animation.cpp(726,19): warning C4244: '=': 'double' から 'float' への変換です。データが失われる可能性があります。
C:\Users\Yuzuki Oe\Desktop\Animation\animation\animation.cpp(736,19): warning C4244: '=': 'double' から 'float' への変換です。データが失われる可能性があります。
C:\Users\Yuzuki Oe\Desktop\Animation\animation\animation.cpp(737,21): warning C4244: '=': 'double' から 'float' への変換です。データが失われる可能性があります。
C:\Users\Yuzuki Oe\Desktop\Animation\animation\animation.cpp(741,21): warning C4244: '=': 'double' から 'float' への変換です。データが失われる可能性があります。
C:\Users\Yuzuki Oe\Desktop\Animation\animation\animation.cpp(751,21): warning C4244: '=': 'double' から 'float' への変換です。データが失われる可能性があります。
C:\Users\Yuzuki Oe\Desktop\Animation\animation\animation.cpp(752,21): warning C4244: '=': 'double' から 'float' への変換です。データが失われる可能性があります。
C:\Users\Yuzuki Oe\Desktop\Animation\animation\animation.cpp(756,21): warning C4244: '=': 'double' から 'float' への変換です。データが失われる可能性があります。
C:\Users\Yuzuki Oe\Desktop\Animation\animation\animation.cpp(766,21): warning C4244: '=': 'double' から 'float' への変換です。データが失われる可能性があります。
C:\Users\Yuzuki Oe\Desktop\Animation\animation\animation.cpp(776,19): warning C4244: '=': 'double' から 'float' への変換です。データが失われる可能性があります。
C:\Users\Yuzuki Oe\Desktop\Animation\animation\animation.cpp(786,21): warning C4244: '=': 'double' から 'float' への変換です。データが失われる可能性があります。
C:\Users\Yuzuki Oe\Desktop\Animation\animation\animation.cpp(796,21): warning C4244: '=': 'double' から 'float' への変換です。データが失われる可能性があります。
C:\Users\Yuzuki Oe\Desktop\Animation\animation\animation.cpp(806,21): warning C4244: '=': 'double' から 'float' への変換です。データが失われる可能性があります。
C:\Users\Yuzuki Oe\Desktop\Animation\animation\animation.cpp(826,27): warning C4244: '=': 'double' から 'float' への変換です。データが失われる可能性があります。
C:\Users\Yuzuki Oe\Desktop\Animation\animation\animation.cpp(836,31): warning C4244: '=': 'double' から 'float' への変換です。データが失われる可能性があります。
C:\Users\Yuzuki Oe\Desktop\Animation\animation\animation.cpp(837,33): warning C4244: '=': 'double' から 'float' への変換です。データが失われる可能性があります。
C:\Users\Yuzuki Oe\Desktop\Animation\animation\animation.cpp(840,31): warning C4244: '=': 'double' から 'float' への変換です。データが失われる可能性があります。
C:\Users\Yuzuki Oe\Desktop\Animation\animation\animation.cpp(860,27): warning C4244: '=': 'double' から 'float' への変換です。データが失われる可能性があります。
C:\Users\Yuzuki Oe\Desktop\Animation\animation\animation.cpp(863,27): warning C4244: '=': 'double' から 'float' への変換です。データが失われる可能性があります。
C:\Users\Yuzuki Oe\Desktop\Animation\animation\animation.cpp(864,29): warning C4244: '=': 'double' から 'float' への変換です。データが失われる可能性があります。
C:\Users\Yuzuki Oe\Desktop\Animation\animation\animation.cpp(867,29): warning C4244: '=': 'double' から 'float' への変換です。データが失われる可能性があります。
C:\Users\Yuzuki Oe\Desktop\Animation\animation\animation.cpp(896,31): warning C4244: '=': 'double' から 'float' への変換です。データが失われる可能性があります。
C:\Users\Yuzuki Oe\Desktop\Animation\animation\animation.cpp(897,33): warning C4244: '=': 'double' から 'float' への変換です。データが失われる可能性があります。
C:\Users\Yuzuki Oe\Desktop\Animation\animation\animation.cpp(900,31): warning C4244: '=': 'double' から 'float' への変換です。データが失われる可能性があります。
C:\Users\Yuzuki Oe\Desktop\Animation\animation\animation.cpp(920,27): warning C4244: '=': 'double' から 'float' への変換です。データが失われる可能性があります。
C:\Users\Yuzuki Oe\Desktop\Animation\animation\animation.cpp(923,27): warning C4244: '=': 'double' から 'float' への変換です。データが失われる可能性があります。
C:\Users\Yuzuki Oe\Desktop\Animation\animation\animation.cpp(924,29): warning C4244: '=': 'double' から 'float' への変換です。データが失われる可能性があります。
C:\Users\Yuzuki Oe\Desktop\Animation\animation\animation.cpp(927,29): warning C4244: '=': 'double' から 'float' への変換です。データが失われる可能性があります。
C:\Users\Yuzuki Oe\Desktop\Animation\animation\animation.cpp(956,31): warning C4244: '=': 'double' から 'float' への変換です。データが失われる可能性があります。
C:\Users\Yuzuki Oe\Desktop\Animation\animation\animation.cpp(957,33): warning C4244: '=': 'double' から 'float' への変換です。データが失われる可能性があります。
C:\Users\Yuzuki Oe\Desktop\Animation\animation\animation.cpp(960,31): warning C4244: '=': 'double' から 'float' への変換です。データが失われる可能性があります。
C:\Users\Yuzuki Oe\Desktop\Animation\animation\animation.cpp(970,27): warning C4244: '=': 'double' から 'float' への変換です。データが失われる可能性があります。
  animation.vcxproj -> C:\Users\Yuzuki Oe\Desktop\Animation\x64\Debug\animation.exe
